<?xml version="1.0" encoding="UTF-8"?>
<!-- Generated by org.testng.reporters.JUnitXMLReporter -->
<testsuite hostname="MUMW7L249" name="Campaign Progress Script" tests="4" failures="1" timestamp="15 Jul 2019 05:13:16 GMT" time="272.093" errors="0">
  <testcase name="campaignProgressViewDetailsCount" time="74.883" classname="com.lrn.reportsScript.CampaignProgress"/>
  <testcase name="campaignProgressReportDetailsVerify" time="18.776" classname="com.lrn.reportsScript.CampaignProgress"/>
  <testcase name="campaignProgressReportDetailsSearchByFilterVerify" time="59.99" classname="com.lrn.reportsScript.CampaignProgress"/>
  <testcase name="campaignProgressReportDetailsPagenationVerify" time="71.819" classname="com.lrn.reportsScript.CampaignProgress">
    <failure type="org.openqa.selenium.StaleElementReferenceException" message="stale element reference: element is not attached to the page document
  (Session info: chrome=75.0.3770.100)
For documentation on this error, please visit: http://seleniumhq.org/exceptions/stale_element_reference.html
Build info: version: &amp;apos;3.4.0&amp;apos;, revision: &amp;apos;unknown&amp;apos;, time: &amp;apos;unknown&amp;apos;
System info: host: &amp;apos;MUMW7L249&amp;apos;, ip: &amp;apos;172.16.20.69&amp;apos;, os.name: &amp;apos;Windows 7&amp;apos;, os.arch: &amp;apos;amd64&amp;apos;, os.version: &amp;apos;6.1&amp;apos;, java.version: &amp;apos;1.8.0_121&amp;apos;
Driver info: org.openqa.selenium.chrome.ChromeDriver
Capabilities [{networkConnectionEnabled=false, chrome={chromedriverVersion=75.0.3770.90 (a6dcaf7e3ec6f70a194cc25e8149475c6590e025-refs/branch-heads/3770@{#1003}), userDataDir=C:\Users\TAPANA~1.KUM\AppData\Local\Temp\scoped_dir6532_14423}, timeouts={implicit=0.0, pageLoad=300000.0, script=30000.0}, pageLoadStrategy=normal, unhandledPromptBehavior=dismiss and notify, strictFileInteractability=false, platform=ANY, proxy=Proxy(), goog:chromeOptions={debuggerAddress=localhost:52375}, acceptInsecureCerts=false, browserVersion=75.0.3770.100, browserName=chrome, javascriptEnabled=true, platformName=windows nt, setWindowRect=true}]
Session ID: 718a3023ca67d985883fdd226325c76c">
      <![CDATA[org.openqa.selenium.StaleElementReferenceException: stale element reference: element is not attached to the page document
  (Session info: chrome=75.0.3770.100)
For documentation on this error, please visit: http://seleniumhq.org/exceptions/stale_element_reference.html
Build info: version: '3.4.0', revision: 'unknown', time: 'unknown'
System info: host: 'MUMW7L249', ip: '172.16.20.69', os.name: 'Windows 7', os.arch: 'amd64', os.version: '6.1', java.version: '1.8.0_121'
Driver info: org.openqa.selenium.chrome.ChromeDriver
Capabilities [{networkConnectionEnabled=false, chrome={chromedriverVersion=75.0.3770.90 (a6dcaf7e3ec6f70a194cc25e8149475c6590e025-refs/branch-heads/3770@{#1003}), userDataDir=C:\Users\TAPANA~1.KUM\AppData\Local\Temp\scoped_dir6532_14423}, timeouts={implicit=0.0, pageLoad=300000.0, script=30000.0}, pageLoadStrategy=normal, unhandledPromptBehavior=dismiss and notify, strictFileInteractability=false, platform=ANY, proxy=Proxy(), goog:chromeOptions={debuggerAddress=localhost:52375}, acceptInsecureCerts=false, browserVersion=75.0.3770.100, browserName=chrome, javascriptEnabled=true, platformName=windows nt, setWindowRect=true}]
Session ID: 718a3023ca67d985883fdd226325c76c
	at org.openqa.selenium.remote.http.W3CHttpResponseCodec.createException(W3CHttpResponseCodec.java:150)
	at org.openqa.selenium.remote.http.W3CHttpResponseCodec.decode(W3CHttpResponseCodec.java:115)
	at org.openqa.selenium.remote.http.W3CHttpResponseCodec.decode(W3CHttpResponseCodec.java:45)
	at org.openqa.selenium.remote.HttpCommandExecutor.execute(HttpCommandExecutor.java:164)
	at org.openqa.selenium.remote.service.DriverCommandExecutor.execute(DriverCommandExecutor.java:82)
	at org.openqa.selenium.remote.RemoteWebDriver.execute(RemoteWebDriver.java:637)
	at org.openqa.selenium.remote.RemoteWebDriver.executeScript(RemoteWebDriver.java:573)
	at com.lrn.utility.WebAppCommon.highLightElement(WebAppCommon.java:1170)
	at com.lrn.utility.WebAppCommon.waitForElementPresentByXpath(WebAppCommon.java:779)
	at com.lrn.utility.WebAppCommon.clickIdentifierXpath(WebAppCommon.java:585)
	at com.lrn.reportScriptUtili.CampaignProgressUtili.getCampaignProgressReportDetailsPagenationVerify(CampaignProgressUtili.java:163)
	at com.lrn.reportsScript.CampaignProgress.campaignProgressReportDetailsPagenationVerify(CampaignProgress.java:37)
... Removed 28 stack frames]]>
    </failure>
  </testcase> <!-- campaignProgressReportDetailsPagenationVerify -->
</testsuite> <!-- Campaign Progress Script -->
